<?xml version="1.0" encoding="UTF-8" ?>
<<<<<<< HEAD
<testsuite tests="4" failures="0" name="model.ExampleTest" time="0.007" errors="0" skipped="0">
=======
<testsuite tests="4" failures="0" name="model.ExampleTest" time="0" errors="0" skipped="0">
>>>>>>> branch 'view' of https://github.com/Isillios/A1ProjetJava.git
  <properties>
    <property name="java.runtime.name" value="Java(TM) SE Runtime Environment"/>
<<<<<<< HEAD
    <property name="sun.boot.library.path" value="C:\Program Files (x86)\Java\jdk8\jre\bin"/>
    <property name="java.vm.version" value="25.171-b11"/>
=======
    <property name="sun.boot.library.path" value="C:\Program Files\Java\jdk1.8.0_161\jre\bin"/>
    <property name="java.vm.version" value="25.161-b12"/>
>>>>>>> branch 'view' of https://github.com/Isillios/A1ProjetJava.git
    <property name="java.vm.vendor" value="Oracle Corporation"/>
<<<<<<< HEAD
    <property name="maven.multiModuleProjectDirectory" value="C:\Users\Jean-Baptiste\git\A1ProjetJava\lorann"/>
=======
    <property name="maven.multiModuleProjectDirectory" value="D:\User\gitJava\A1ProjetJava\lorann"/>
>>>>>>> branch 'view' of https://github.com/Isillios/A1ProjetJava.git
    <property name="java.vendor.url" value="http://java.oracle.com/"/>
    <property name="path.separator" value=";"/>
    <property name="guice.disable.misplaced.annotation.check" value="true"/>
    <property name="java.vm.name" value="Java HotSpot(TM) 64-Bit Server VM"/>
    <property name="file.encoding.pkg" value="sun.io"/>
    <property name="user.script" value=""/>
    <property name="user.country" value="FR"/>
    <property name="sun.java.launcher" value="SUN_STANDARD"/>
    <property name="sun.os.patch.level" value=""/>
    <property name="java.vm.specification.name" value="Java Virtual Machine Specification"/>
<<<<<<< HEAD
    <property name="user.dir" value="C:\Users\Jean-Baptiste\git\A1ProjetJava\lorann"/>
    <property name="java.runtime.version" value="1.8.0_171-b11"/>
=======
    <property name="user.dir" value="D:\User\gitJava\A1ProjetJava\lorann"/>
    <property name="java.runtime.version" value="1.8.0_161-b12"/>
>>>>>>> branch 'view' of https://github.com/Isillios/A1ProjetJava.git
    <property name="java.awt.graphicsenv" value="sun.awt.Win32GraphicsEnvironment"/>
<<<<<<< HEAD
    <property name="java.endorsed.dirs" value="C:\Program Files (x86)\Java\jdk8\jre\lib\endorsed"/>
=======
    <property name="java.endorsed.dirs" value="C:\Program Files\Java\jdk1.8.0_161\jre\lib\endorsed"/>
>>>>>>> branch 'view' of https://github.com/Isillios/A1ProjetJava.git
    <property name="os.arch" value="amd64"/>
<<<<<<< HEAD
    <property name="java.io.tmpdir" value="C:\Users\JEAN-B~1\AppData\Local\Temp\"/>
=======
    <property name="java.io.tmpdir" value="C:\Users\LO1A5A~1\AppData\Local\Temp\"/>
>>>>>>> branch 'view' of https://github.com/Isillios/A1ProjetJava.git
    <property name="line.separator" value="
"/>
    <property name="java.vm.specification.vendor" value="Oracle Corporation"/>
    <property name="user.variant" value=""/>
    <property name="os.name" value="Windows 10"/>
<<<<<<< HEAD
    <property name="classworlds.conf" value="C:\Users\Jean-Baptiste\eclipse-workspace\.metadata\.plugins\org.eclipse.m2e.launching\launches\m2conf13467667229011353410.tmp"/>
=======
    <property name="classworlds.conf" value="D:\User\Java project\.metadata\.plugins\org.eclipse.m2e.launching\launches\m2conf3525219950458366521.tmp"/>
>>>>>>> branch 'view' of https://github.com/Isillios/A1ProjetJava.git
    <property name="sun.jnu.encoding" value="Cp1252"/>
<<<<<<< HEAD
    <property name="java.library.path" value="C:\Program Files (x86)\Java\jdk8\bin;C:\WINDOWS\Sun\Java\bin;C:\WINDOWS\system32;C:\WINDOWS;C:\Program Files (x86)\Common Files\Oracle\Java\javapath;C:\Program Files (x86)\Intel\iCLS Client\;C:\ProgramData\Oracle\Java\javapath;C:\Program Files\Intel\iCLS Client\;C:\Windows\system32;C:\Windows;C:\Windows\System32\Wbem;C:\Windows\System32\WindowsPowerShell\v1.0\;C:\Program Files (x86)\NVIDIA Corporation\PhysX\Common;C:\wamp64\bin\php\php7.0.23;C:\ProgramData\ComposerSetup\bin;C:\Program Files\Git\cmd;C:\WINDOWS\system32;C:\WINDOWS;C:\WINDOWS\System32\Wbem;C:\WINDOWS\System32\WindowsPowerShell\v1.0\;C:\Program Files\MySQL\MySQL Utilities 1.6\;C:\WINDOWS\System32\OpenSSH\;C:\Program Files\Intel\WiFi\bin\;C:\Program Files\Common Files\Intel\WirelessCommon\;C:\Program Files (x86)\Intel\Intel(R) Management Engine Components\DAL;C:\Program Files\Intel\Intel(R) Management Engine Components\DAL;C:\Program Files (x86)\Intel\Intel(R) Management Engine Components\IPT;C:\Program Files\Intel\Intel(R) Management Engine Components\IPT;C:\Users\Jean-Baptiste\AppData\Local\Microsoft\WindowsApps;C:\Users\Jean-Baptiste\AppData\Roaming\Composer\vendor\bin;C:\Users\Jean-Baptiste\AppData\Local\GitHubDesktop\bin;%USERPROFILE%\AppData\Local\Microsoft\WindowsApps;;."/>
=======
    <property name="java.library.path" value="C:\Program Files\Java\jdk1.8.0_161\bin;C:\Windows\Sun\Java\bin;C:\Windows\system32;C:\Windows;C:/Program Files (x86)/Java/jdk/bin/server;C:/Program Files (x86)/Java/jdk/bin;C:/Program Files (x86)/Java/jdk/lib/amd64;C:\Program Files (x86)\Common Files\Oracle\Java\javapath;C:\Program Files (x86)\Common Files\Intel\Shared Libraries\redist\intel64\compiler;C:\ProgramData\Oracle\Java\javapath;C:\Windows\system32;C:\Windows;C:\Windows\System32\Wbem;C:\Windows\System32\WindowsPowerShell\v1.0\;C:\Program Files (x86)\NVIDIA Corporation\PhysX\Common;C:\Program Files (x86)\Skype\Phone\;F:\Program Files (x86)\Raspberry\;F:\Program Files (x86)\MySQL\MySQL Utilities 1.6\;C:\Program Files (x86)\Windows Live\Shared;C:\Users\Léo\AppData\Local\Microsoft\WindowsApps;C:\Users\Léo\AppData\Local\GitHubDesktop\bin;F:\Program Files (x86)\Exia\Java\eclipse;;."/>
>>>>>>> branch 'view' of https://github.com/Isillios/A1ProjetJava.git
    <property name="java.specification.name" value="Java Platform API Specification"/>
    <property name="java.class.version" value="52.0"/>
    <property name="sun.management.compiler" value="HotSpot 64-Bit Tiered Compilers"/>
    <property name="os.version" value="10.0"/>
<<<<<<< HEAD
    <property name="user.home" value="C:\Users\Jean-Baptiste"/>
=======
    <property name="user.home" value="C:\Users\Léo"/>
>>>>>>> branch 'view' of https://github.com/Isillios/A1ProjetJava.git
    <property name="user.timezone" value="Europe/Paris"/>
    <property name="java.awt.printerjob" value="sun.awt.windows.WPrinterJob"/>
    <property name="java.specification.version" value="1.8"/>
    <property name="file.encoding" value="Cp1252"/>
<<<<<<< HEAD
    <property name="user.name" value="Jean-Baptiste"/>
    <property name="java.class.path" value="C:\Users\Jean-Baptiste\.p2\pool\plugins\org.eclipse.m2e.maven.runtime_1.8.3.20180227-2135\jars\plexus-classworlds-2.5.2.jar"/>
=======
    <property name="user.name" value="Léo"/>
    <property name="java.class.path" value="F:\Program Files (x86)\Exia\Java\eclipse\plugins\org.eclipse.m2e.maven.runtime_1.8.2.20171007-0216\jars\plexus-classworlds-2.5.2.jar"/>
>>>>>>> branch 'view' of https://github.com/Isillios/A1ProjetJava.git
    <property name="java.vm.specification.version" value="1.8"/>
    <property name="sun.arch.data.model" value="64"/>
<<<<<<< HEAD
    <property name="java.home" value="C:\Program Files (x86)\Java\jdk8\jre"/>
=======
    <property name="java.home" value="C:\Program Files\Java\jdk1.8.0_161\jre"/>
>>>>>>> branch 'view' of https://github.com/Isillios/A1ProjetJava.git
    <property name="sun.java.command" value="org.codehaus.plexus.classworlds.launcher.Launcher -B site"/>
    <property name="java.specification.vendor" value="Oracle Corporation"/>
    <property name="user.language" value="fr"/>
    <property name="awt.toolkit" value="sun.awt.windows.WToolkit"/>
    <property name="java.vm.info" value="mixed mode"/>
<<<<<<< HEAD
    <property name="java.version" value="1.8.0_171"/>
    <property name="java.ext.dirs" value="C:\Program Files (x86)\Java\jdk8\jre\lib\ext;C:\WINDOWS\Sun\Java\lib\ext"/>
    <property name="sun.boot.class.path" value="C:\Program Files (x86)\Java\jdk8\jre\lib\resources.jar;C:\Program Files (x86)\Java\jdk8\jre\lib\rt.jar;C:\Program Files (x86)\Java\jdk8\jre\lib\sunrsasign.jar;C:\Program Files (x86)\Java\jdk8\jre\lib\jsse.jar;C:\Program Files (x86)\Java\jdk8\jre\lib\jce.jar;C:\Program Files (x86)\Java\jdk8\jre\lib\charsets.jar;C:\Program Files (x86)\Java\jdk8\jre\lib\jfr.jar;C:\Program Files (x86)\Java\jdk8\jre\classes"/>
=======
    <property name="java.version" value="1.8.0_161"/>
    <property name="java.ext.dirs" value="C:\Program Files\Java\jdk1.8.0_161\jre\lib\ext;C:\Windows\Sun\Java\lib\ext"/>
    <property name="sun.boot.class.path" value="C:\Program Files\Java\jdk1.8.0_161\jre\lib\resources.jar;C:\Program Files\Java\jdk1.8.0_161\jre\lib\rt.jar;C:\Program Files\Java\jdk1.8.0_161\jre\lib\sunrsasign.jar;C:\Program Files\Java\jdk1.8.0_161\jre\lib\jsse.jar;C:\Program Files\Java\jdk1.8.0_161\jre\lib\jce.jar;C:\Program Files\Java\jdk1.8.0_161\jre\lib\charsets.jar;C:\Program Files\Java\jdk1.8.0_161\jre\lib\jfr.jar;C:\Program Files\Java\jdk1.8.0_161\jre\classes"/>
>>>>>>> branch 'view' of https://github.com/Isillios/A1ProjetJava.git
    <property name="java.vendor" value="Oracle Corporation"/>
<<<<<<< HEAD
    <property name="maven.home" value="C:\Users\Jean-Baptiste\git\A1ProjetJava\lorann\EMBEDDED"/>
=======
    <property name="maven.home" value="D:\User\gitJava\A1ProjetJava\lorann\EMBEDDED"/>
>>>>>>> branch 'view' of https://github.com/Isillios/A1ProjetJava.git
    <property name="file.separator" value="\"/>
    <property name="java.vendor.url.bug" value="http://bugreport.sun.com/bugreport/"/>
    <property name="sun.cpu.endian" value="little"/>
    <property name="sun.io.unicode.encoding" value="UnicodeLittle"/>
    <property name="sun.desktop" value="windows"/>
    <property name="sun.cpu.isalist" value="amd64"/>
  </properties>
<<<<<<< HEAD
  <testcase classname="model.ExampleTest" name="testGetId" time="0.007"/>
=======
  <testcase classname="model.ExampleTest" name="testGetId" time="0"/>
>>>>>>> branch 'view' of https://github.com/Isillios/A1ProjetJava.git
  <testcase classname="model.ExampleTest" name="testToString" time="0"/>
  <testcase classname="model.ExampleTest" name="testGetName" time="0"/>
  <testcase classname="model.ExampleTest" name="testSetName" time="0"/>
</testsuite>